<?xml version="1.0" encoding="UTF-8"?>
<!-- Generated by org.testng.reporters.JUnitReportReporter -->
<testsuite hostname="Vicky-PC" failures="0" tests="1" name="com.TestScripts.HybridFramework.AddToCartTest" time="16.026" errors="0" timestamp="2023-01-08T13:05:22 IST" skipped="0">
  <testcase classname="com.TestScripts.HybridFramework.AddToCartTest" name="addToCartTest" time="16.026"/>
  <system-out/>
</testsuite> <!-- com.TestScripts.HybridFramework.AddToCartTest -->
