<?xml version="1.0" encoding="UTF-8"?>
<!-- Generated by org.testng.reporters.JUnitReportReporter -->
<testsuite hostname="Vicky-PC" failures="0" tests="1" name="com.TestScripts.HybridFramework.AddToCartTest" time="12.515" errors="0" timestamp="2023-01-07T11:43:20 IST" skipped="0">
  <testcase classname="com.TestScripts.HybridFramework.AddToCartTest" name="addToCartTest" time="12.515"/>
  <system-out/>
</testsuite> <!-- com.TestScripts.HybridFramework.AddToCartTest -->
